生成启动时间为 11/10/2014 10:30:53 AM。
     1>项目“F:\workspace\dragonslayer\dragonslayer\DragonSlayer\proj.win32\DragonSlayer.vcxproj”在节点 2 上(build 个目标)。
     1>InitializeBuildStatus:
         正在创建“Debug.win32\DragonSlayer.unsuccessfulbuild”，因为已指定“AlwaysCreate”。
       ClCompile:
         D:\Program Files\Microsoft Visual Studio 10.0\VC\bin\CL.exe /c /I"F:\cocos2d-x\cocos2d-x-2.2.5\cocos2dx" /I"F:\cocos2d-x\cocos2d-x-2.2.5\cocos2dx\include" /I"F:\cocos2d-x\cocos2d-x-2.2.5\cocos2dx\kazmath\include" /I"F:\cocos2d-x\cocos2d-x-2.2.5\cocos2dx\platform\win32" /I"F:\cocos2d-x\cocos2d-x-2.2.5\cocos2dx\platform\third_party\win32\OGLES" /I"F:\cocos2d-x\cocos2d-x-2.2.5\extensions" /I"F:\cocos2d-x\cocos2d-x-2.2.5\external" /I..\Classes /ZI /nologo /W3 /WX- /Od /Oy- /D WIN32 /D _DEBUG /D _WINDOWS /D COCOS2D_DEBUG=1 /D _CRT_SECURE_NO_WARNINGS /D _SCL_SECURE_NO_WARNINGS /D _UNICODE /D UNICODE /Gm /EHsc /RTC1 /MDd /GS /fp:precise /Zc:wchar_t /Zc:forScope /Fo"Debug.win32\\" /Fd"Debug.win32\vc100.pdb" /Gd /TP /wd4267 /wd4251 /wd4244 /analyze- /errorReport:prompt ..\Classes\Role.cpp
         Role.cpp
       ManifestResourceCompile:
         所有输出均为最新。
       Link:
         D:\Program Files\Microsoft Visual Studio 10.0\VC\bin\link.exe /ERRORREPORT:PROMPT /OUT:"F:\workspace\dragonslayer\dragonslayer\Debug.win32\DragonSlayer.exe" /INCREMENTAL /NOLOGO /LIBPATH:F:\workspace\dragonslayer\dragonslayer\Debug.win32\ opengl32.lib glew32.lib libcocos2d.lib kernel32.lib user32.lib gdi32.lib winspool.lib comdlg32.lib advapi32.lib shell32.lib ole32.lib oleaut32.lib uuid.lib odbc32.lib odbccp32.lib /MANIFEST /ManifestFile:"Debug.win32\DragonSlayer.exe.intermediate.manifest" /MANIFESTUAC:"level='asInvoker' uiAccess='false'" /DEBUG /PDB:"F:\workspace\dragonslayer\dragonslayer\Debug.win32\DragonSlayer.pdb" /SUBSYSTEM:WINDOWS /TLBID:1 /DYNAMICBASE /NXCOMPAT /IMPLIB:"F:\workspace\dragonslayer\dragonslayer\Debug.win32\DragonSlayer.lib" /MACHINE:X86 Debug.win32\DragonSlayer.exe.embed.manifest.res
         Debug.win32\AppDelegate.obj
         Debug.win32\ArmatureLoader.obj
         Debug.win32\Axe.obj
         Debug.win32\BaseObject.obj
         Debug.win32\ControlerManager.obj
         Debug.win32\CsvLoader.obj
         Debug.win32\GameObject.obj
         Debug.win32\GameStage.obj
         "Debug.win32\GLES-Render.obj"
         Debug.win32\GameConfig.obj
         Debug.win32\HelloWorldScene.obj
         Debug.win32\LoadingStage.obj
         Debug.win32\Monster.obj
         Debug.win32\MonsterManager.obj
         Debug.win32\ObjectFactory.obj
         Debug.win32\PhysicsObject.obj
         Debug.win32\PlayerAccount.obj
         Debug.win32\Role.obj
         Debug.win32\main.obj
         F:\workspace\dragonslayer\dragonslayer\Debug.win32\libcocos2d.lib
         F:\workspace\dragonslayer\dragonslayer\Debug.win32\libExtensions.lib
         F:\workspace\dragonslayer\dragonslayer\Debug.win32\libBox2D.lib
       Manifest:
         C:\Program Files\Microsoft SDKs\Windows\v7.0A\bin\mt.exe /nologo /verbose /out:"Debug.win32\DragonSlayer.exe.embed.manifest" /manifest Debug.win32\DragonSlayer.exe.intermediate.manifest
         所有输出均为最新。
       LinkEmbedManifest:
         所有输出均为最新。
         DragonSlayer.vcxproj -> F:\workspace\dragonslayer\dragonslayer\Debug.win32\DragonSlayer.exe
       FinalizeBuildStatus:
         正在删除文件“Debug.win32\DragonSlayer.unsuccessfulbuild”。
         正在对“Debug.win32\DragonSlayer.lastbuildstate”执行 Touch 任务。
     1>已完成生成项目“F:\workspace\dragonslayer\dragonslayer\DragonSlayer\proj.win32\DragonSlayer.vcxproj”(build 个目标)的操作。

生成成功。

已用时间 00:00:05.32
